This is pdfTeX, Version 3.14159265-2.6-1.40.19 (TeX Live 2018) (preloaded format=pdflatex 2019.2.26)  21 JUL 2019 17:00
entering extended mode
 restricted \write18 enabled.
 file:line:error style messages enabled.
 %&-line parsing enabled.
**/Users/uchiumi/workspace/CV_report2019/docs/main.tex
(/Users/uchiumi/workspace/CV_report2019/docs/main.tex
LaTeX2e <2018-04-01> patch level 2
Babel <3.18> and hyphenation patterns for 84 language(s) loaded.
(/usr/local/texlive/2018/texmf-dist/tex/platex/base/jarticle.cls

/usr/local/texlive/2018/texmf-dist/tex/platex/base/jarticle.cls:16: LaTeX Error: This file needs format `pLaTeX2e'
               but this is `LaTeX2e'.

See the LaTeX manual or LaTeX Companion for explanation.
Type  H <return>  for immediate help.
 ...                                              
                                                  
l.16 \NeedsTeXFormat{pLaTeX2e}
                              
The current input file will not be processed further,
because it was written for some other flavor of TeX.
You're in trouble here.  Try typing  <return>  to proceed.
If that doesn't work, type  X <return>  to quit.

) (/usr/local/texlive/2018/texmf-dist/tex/latex/amsfonts/amsfonts.sty
Package: amsfonts 2013/01/14 v3.01 Basic AMSFonts support
\@emptytoks=\toks14
\symAMSa=\mathgroup4
\symAMSb=\mathgroup5
LaTeX Font Info:    Overwriting math alphabet `\mathfrak' in version `bold'
(Font)                  U/euf/m/n --> U/euf/b/n on input line 106.
) (/usr/local/texlive/2018/texmf-dist/tex/latex/amsmath/amsmath.sty
Package: amsmath 2017/09/02 v2.17a AMS math features
\@mathmargin=\skip41

For additional information on amsmath, use the `?' option.
(/usr/local/texlive/2018/texmf-dist/tex/latex/amsmath/amstext.sty
Package: amstext 2000/06/29 v2.01 AMS text
 (/usr/local/texlive/2018/texmf-dist/tex/latex/amsmath/amsgen.sty
File: amsgen.sty 1999/11/30 v2.0 generic functions
\@emptytoks=\toks15
\ex@=\dimen102
)) (/usr/local/texlive/2018/texmf-dist/tex/latex/amsmath/amsbsy.sty
Package: amsbsy 1999/11/29 v1.2d Bold Symbols
\pmbraise@=\dimen103
) (/usr/local/texlive/2018/texmf-dist/tex/latex/amsmath/amsopn.sty
Package: amsopn 2016/03/08 v2.02 operator names
)
\inf@bad=\count80
LaTeX Info: Redefining \frac on input line 213.
\uproot@=\count81
\leftroot@=\count82
LaTeX Info: Redefining \overline on input line 375.
\classnum@=\count83
\DOTSCASE@=\count84
LaTeX Info: Redefining \ldots on input line 472.
LaTeX Info: Redefining \dots on input line 475.
LaTeX Info: Redefining \cdots on input line 596.
\Mathstrutbox@=\box26
\strutbox@=\box27
\big@size=\dimen104
LaTeX Font Info:    Redeclaring font encoding OML on input line 712.
LaTeX Font Info:    Redeclaring font encoding OMS on input line 713.
\macc@depth=\count85
\c@MaxMatrixCols=\count86
\dotsspace@=\muskip10
\c@parentequation=\count87
\dspbrk@lvl=\count88
\tag@help=\toks16
\row@=\count89
\column@=\count90
\maxfields@=\count91
\andhelp@=\toks17
\eqnshift@=\dimen105
\alignsep@=\dimen106
\tagshift@=\dimen107
\tagwidth@=\dimen108
\totwidth@=\dimen109
\lineht@=\dimen110
\@envbody=\toks18
\multlinegap=\skip42
\multlinetaggap=\skip43
\mathdisplay@stack=\toks19
LaTeX Info: Redefining \[ on input line 2817.
LaTeX Info: Redefining \] on input line 2818.
) (/usr/local/texlive/2018/texmf-dist/tex/latex/preprint/authblk.sty
Package: authblk 2001/02/27 1.3 (PWD)
\affilsep=\skip44
\@affilsep=\skip45
\c@Maxaffil=\count92
\c@authors=\count93
\c@affil=\count94
) (/usr/local/texlive/2018/texmf-dist/tex/latex/graphics/graphicx.sty
Package: graphicx 2017/06/01 v1.1a Enhanced LaTeX Graphics (DPC,SPQR)
 (/usr/local/texlive/2018/texmf-dist/tex/latex/graphics/keyval.sty
Package: keyval 2014/10/28 v1.15 key=value parser (DPC)
\KV@toks@=\toks20
) (/usr/local/texlive/2018/texmf-dist/tex/latex/graphics/graphics.sty
Package: graphics 2017/06/25 v1.2c Standard LaTeX Graphics (DPC,SPQR)
 (/usr/local/texlive/2018/texmf-dist/tex/latex/graphics/trig.sty
Package: trig 2016/01/03 v1.10 sin cos tan (DPC)
) (/usr/local/texlive/2018/texmf-dist/tex/latex/graphics-cfg/graphics.cfg
File: graphics.cfg 2016/06/04 v1.11 sample graphics configuration
)
Package graphics Info: Driver file: dvipdfmx.def on input line 99.
 (/usr/local/texlive/2018/texmf-dist/tex/latex/graphics-def/dvipdfmx.def
File: dvipdfmx.def 2017/06/24 v5.0g Graphics/color driver for dvipdfmx
))
\Gin@req@height=\dimen111
\Gin@req@width=\dimen112
) (/Users/uchiumi/workspace/CV_report2019/docs/main.aux)
\openout1 = `main.aux'.

LaTeX Font Info:    Checking defaults for OML/cmm/m/it on input line 16.
LaTeX Font Info:    ... okay on input line 16.
LaTeX Font Info:    Checking defaults for T1/cmr/m/n on input line 16.
LaTeX Font Info:    ... okay on input line 16.
LaTeX Font Info:    Checking defaults for OT1/cmr/m/n on input line 16.
LaTeX Font Info:    ... okay on input line 16.
LaTeX Font Info:    Checking defaults for OMS/cmsy/m/n on input line 16.
LaTeX Font Info:    ... okay on input line 16.
LaTeX Font Info:    Checking defaults for OMX/cmex/m/n on input line 16.
LaTeX Font Info:    ... okay on input line 16.
LaTeX Font Info:    Checking defaults for U/cmr/m/n on input line 16.
LaTeX Font Info:    ... okay on input line 16.


/Users/uchiumi/workspace/CV_report2019/docs/main.tex:16: LaTeX Error: The font size command \normalsize is not defined:
               there is probably something wrong with the class file.

See the LaTeX manual or LaTeX Companion for explanation.
Type  H <return>  for immediate help.
 ...                                              
                                                  
l.16 \begin{document}
                     
Your command was ignored.
Type  I <command> <return>  to replace it with another command,
or  <return>  to continue without it.

/Users/uchiumi/workspace/CV_report2019/docs/main.tex:18: Undefined control sequence.
\maketitle ...ter}} {\end {center}} \AB@maketitle 
                                                  }
l.18   \maketitle
                 
The control sequence at the end of the top line
of your error message was never \def'ed. If you have
misspelled it (e.g., `\hobx'), type `I' and the correct
spelling (e.g., `I\hbox'). Otherwise just continue,
and I'll forget about whatever was undefined.


/Users/uchiumi/workspace/CV_report2019/docs/main.tex:20: LaTeX Error: Environment abstract undefined.

See the LaTeX manual or LaTeX Companion for explanation.
Type  H <return>  for immediate help.
 ...                                              
                                                  
l.20   \begin{abstract}
                       
Your command was ignored.
Type  I <command> <return>  to replace it with another command,
or  <return>  to continue without it.


/Users/uchiumi/workspace/CV_report2019/docs/main.tex:21: Package inputenc Error: Unicode character ãƒ¢ (U+30E2)
(inputenc)                not set up for use with LaTeX.

See the inputenc package documentation for explanation.
Type  H <return>  for immediate help.
 ...                                              
                                                  
l.21     ãƒ¢
            ãƒ€ãƒ³ãªç‰©ä½“è¿½è·¡æ‰‹æ³•ã¨ã—ã¦ï¼ŒKCF Tracker (Kernelized C...
You may provide a definition with
\DeclareUnicodeCharacter 


/Users/uchiumi/workspace/CV_report2019/docs/main.tex:21: Package inputenc Error: Unicode character ãƒ€ (U+30C0)
(inputenc)                not set up for use with LaTeX.

See the inputenc package documentation for explanation.
Type  H <return>  for immediate help.
 ...                                              
                                                  
l.21     ãƒ¢ãƒ€
               ãƒ³ãªç‰©ä½“è¿½è·¡æ‰‹æ³•ã¨ã—ã¦ï¼ŒKCF Tracker (Kernelized C...
You may provide a definition with
\DeclareUnicodeCharacter 


/Users/uchiumi/workspace/CV_report2019/docs/main.tex:21: Package inputenc Error: Unicode character ãƒ³ (U+30F3)
(inputenc)                not set up for use with LaTeX.

See the inputenc package documentation for explanation.
Type  H <return>  for immediate help.
 ...                                              
                                                  
l.21     ãƒ¢ãƒ€ãƒ³
                  ãªç‰©ä½“è¿½è·¡æ‰‹æ³•ã¨ã—ã¦ï¼ŒKCF Tracker (Kernelized C...
You may provide a definition with
\DeclareUnicodeCharacter 


/Users/uchiumi/workspace/CV_report2019/docs/main.tex:21: Package inputenc Error: Unicode character ãª (U+306A)
(inputenc)                not set up for use with LaTeX.

See the inputenc package documentation for explanation.
Type  H <return>  for immediate help.
 ...                                              
                                                  
l.21     ãƒ¢ãƒ€ãƒ³ãª
                     ç‰©ä½“è¿½è·¡æ‰‹æ³•ã¨ã—ã¦ï¼ŒKCF Tracker (Kernelized C...
You may provide a definition with
\DeclareUnicodeCharacter 


/Users/uchiumi/workspace/CV_report2019/docs/main.tex:21: Package inputenc Error: Unicode character ç‰© (U+7269)
(inputenc)                not set up for use with LaTeX.

See the inputenc package documentation for explanation.
Type  H <return>  for immediate help.
 ...                                              
                                                  
l.21     ãƒ¢ãƒ€ãƒ³ãªç‰©
                        ä½“è¿½è·¡æ‰‹æ³•ã¨ã—ã¦ï¼ŒKCF Tracker (Kernelized C...
You may provide a definition with
\DeclareUnicodeCharacter 


/Users/uchiumi/workspace/CV_report2019/docs/main.tex:21: Package inputenc Error: Unicode character ä½“ (U+4F53)
(inputenc)                not set up for use with LaTeX.

See the inputenc package documentation for explanation.
Type  H <return>  for immediate help.
 ...                                              
                                                  
l.21     ãƒ¢ãƒ€ãƒ³ãªç‰©ä½“
                           è¿½è·¡æ‰‹æ³•ã¨ã—ã¦ï¼ŒKCF Tracker (Kernelized C...
You may provide a definition with
\DeclareUnicodeCharacter 


/Users/uchiumi/workspace/CV_report2019/docs/main.tex:21: Package inputenc Error: Unicode character è¿½ (U+8FFD)
(inputenc)                not set up for use with LaTeX.

See the inputenc package documentation for explanation.
Type  H <return>  for immediate help.
 ...                                              
                                                  
l.21     ãƒ¢ãƒ€ãƒ³ãªç‰©ä½“è¿½
                              è·¡æ‰‹æ³•ã¨ã—ã¦ï¼ŒKCF Tracker (Kernelized C...
You may provide a definition with
\DeclareUnicodeCharacter 


/Users/uchiumi/workspace/CV_report2019/docs/main.tex:21: Package inputenc Error: Unicode character è·¡ (U+8DE1)
(inputenc)                not set up for use with LaTeX.

See the inputenc package documentation for explanation.
Type  H <return>  for immediate help.
 ...                                              
                                                  
l.21     ãƒ¢ãƒ€ãƒ³ãªç‰©ä½“è¿½è·¡
                                 æ‰‹æ³•ã¨ã—ã¦ï¼ŒKCF Tracker (Kernelized C...
You may provide a definition with
\DeclareUnicodeCharacter 


/Users/uchiumi/workspace/CV_report2019/docs/main.tex:21: Package inputenc Error: Unicode character æ‰‹ (U+624B)
(inputenc)                not set up for use with LaTeX.

See the inputenc package documentation for explanation.
Type  H <return>  for immediate help.
 ...                                              
                                                  
l.21     ãƒ¢ãƒ€ãƒ³ãªç‰©ä½“è¿½è·¡æ‰‹
                                    æ³•ã¨ã—ã¦ï¼ŒKCF Tracker (Kernelized C...
You may provide a definition with
\DeclareUnicodeCharacter 


/Users/uchiumi/workspace/CV_report2019/docs/main.tex:21: Package inputenc Error: Unicode character æ³• (U+6CD5)
(inputenc)                not set up for use with LaTeX.

See the inputenc package documentation for explanation.
Type  H <return>  for immediate help.
 ...                                              
                                                  
l.21     ãƒ¢ãƒ€ãƒ³ãªç‰©ä½“è¿½è·¡æ‰‹æ³•
                                       ã¨ã—ã¦ï¼ŒKCF Tracker (Kernelized C...
You may provide a definition with
\DeclareUnicodeCharacter 


/Users/uchiumi/workspace/CV_report2019/docs/main.tex:21: Package inputenc Error: Unicode character ã¨ (U+3068)
(inputenc)                not set up for use with LaTeX.

See the inputenc package documentation for explanation.
Type  H <return>  for immediate help.
 ...                                              
                                                  
l.21     ãƒ¢ãƒ€ãƒ³ãªç‰©ä½“è¿½è·¡æ‰‹æ³•ã¨
                                          ã—ã¦ï¼ŒKCF Tracker (Kernelized C...
You may provide a definition with
\DeclareUnicodeCharacter 


/Users/uchiumi/workspace/CV_report2019/docs/main.tex:21: Package inputenc Error: Unicode character ã— (U+3057)
(inputenc)                not set up for use with LaTeX.

See the inputenc package documentation for explanation.
Type  H <return>  for immediate help.
 ...                                              
                                                  
l.21     ãƒ¢ãƒ€ãƒ³ãªç‰©ä½“è¿½è·¡æ‰‹æ³•ã¨ã—
                                             ã¦ï¼ŒKCF Tracker (Kernelized C...
You may provide a definition with
\DeclareUnicodeCharacter 


/Users/uchiumi/workspace/CV_report2019/docs/main.tex:21: Package inputenc Error: Unicode character ã¦ (U+3066)
(inputenc)                not set up for use with LaTeX.

See the inputenc package documentation for explanation.
Type  H <return>  for immediate help.
 ...                                              
                                                  
l.21     ãƒ¢ãƒ€ãƒ³ãªç‰©ä½“è¿½è·¡æ‰‹æ³•ã¨ã—ã¦
                                                ï¼ŒKCF Tracker (Kernelized C...
You may provide a definition with
\DeclareUnicodeCharacter 


/Users/uchiumi/workspace/CV_report2019/docs/main.tex:21: Package inputenc Error: Unicode character ï¼Œ (U+FF0C)
(inputenc)                not set up for use with LaTeX.

See the inputenc package documentation for explanation.
Type  H <return>  for immediate help.
 ...                                              
                                                  
l.21 ...ãƒ¢ãƒ€ãƒ³ãªç‰©ä½“è¿½è·¡æ‰‹æ³•ã¨ã—ã¦ï¼Œ
                                                  KCF Tracker (Kernelized Co...
You may provide a definition with
\DeclareUnicodeCharacter 

Missing character: There is no K in font nullfont!
Missing character: There is no C in font nullfont!
Missing character: There is no F in font nullfont!
Missing character: There is no T in font nullfont!
Missing character: There is no r in font nullfont!
Missing character: There is no a in font nullfont!
Missing character: There is no c in font nullfont!
Missing character: There is no k in font nullfont!
Missing character: There is no e in font nullfont!
Missing character: There is no r in font nullfont!
Missing character: There is no ( in font nullfont!
Missing character: There is no K in font nullfont!
Missing character: There is no e in font nullfont!
Missing character: There is no r in font nullfont!
Missing character: There is no n in font nullfont!
Missing character: There is no e in font nullfont!
Missing character: There is no l in font nullfont!
Missing character: There is no i in font nullfont!
Missing character: There is no z in font nullfont!
Missing character: There is no e in font nullfont!
Missing character: There is no d in font nullfont!
Missing character: There is no C in font nullfont!
Missing character: There is no o in font nullfont!
Missing character: There is no r in font nullfont!
Missing character: There is no r in font nullfont!
Missing character: There is no e in font nullfont!
Missing character: There is no l in font nullfont!
Missing character: There is no a in font nullfont!
Missing character: There is no t in font nullfont!
Missing character: There is no i in font nullfont!
Missing character: There is no o in font nullfont!
Missing character: There is no n in font nullfont!
Missing character: There is no F in font nullfont!
Missing character: There is no i in font nullfont!
Missing character: There is no l in font nullfont!
Missing character: There is no t in font nullfont!
Missing character: There is no e in font nullfont!
Missing character: There is no r in font nullfont!
Missing character: There is no T in font nullfont!
Missing character: There is no r in font nullfont!
Missing character: There is no a in font nullfont!
Missing character: There is no c in font nullfont!
Missing character: There is no k in font nullfont!
Missing character: There is no e in font nullfont!
Missing character: There is no r in font nullfont!
Missing character: There is no ) in font nullfont!

/Users/uchiumi/workspace/CV_report2019/docs/main.tex:21: Package inputenc Error: Unicode character ã‚’ (U+3092)
(inputenc)                not set up for use with LaTeX.

See the inputenc package documentation for explanation.
Type  H <return>  for immediate help.
 ...                                              
                                                  
l.21 ...(Kernelized Correlation Filter Tracker)ã‚’
                                                  ç´¹ä»‹ã—ï¼Œå®Ÿè£…ã‚’ãŠã...
You may provide a definition with
\DeclareUnicodeCharacter 


/Users/uchiumi/workspace/CV_report2019/docs/main.tex:21: Package inputenc Error: Unicode character ç´¹ (U+7D39)
(inputenc)                not set up for use with LaTeX.

See the inputenc package documentation for explanation.
Type  H <return>  for immediate help.
 ...                                              
                                                  
l.21 ...rnelized Correlation Filter Tracker)ã‚’ç´¹
                                                  ä»‹ã—ï¼Œå®Ÿè£…ã‚’ãŠã“ã...
You may provide a definition with
\DeclareUnicodeCharacter 


/Users/uchiumi/workspace/CV_report2019/docs/main.tex:21: Package inputenc Error: Unicode character ä»‹ (U+4ECB)
(inputenc)                not set up for use with LaTeX.

See the inputenc package documentation for explanation.
Type  H <return>  for immediate help.
 ...                                              
                                                  
l.21 ...lized Correlation Filter Tracker)ã‚’ç´¹ä»‹
                                                  ã—ï¼Œå®Ÿè£…ã‚’ãŠã“ãªã...
You may provide a definition with
\DeclareUnicodeCharacter 


/Users/uchiumi/workspace/CV_report2019/docs/main.tex:21: Package inputenc Error: Unicode character ã— (U+3057)
(inputenc)                not set up for use with LaTeX.

See the inputenc package documentation for explanation.
Type  H <return>  for immediate help.
 ...                                              
                                                  
l.21 ...ed Correlation Filter Tracker)ã‚’ç´¹ä»‹ã—
                                                  ï¼Œå®Ÿè£…ã‚’ãŠã“ãªã£ã...
You may provide a definition with
\DeclareUnicodeCharacter 


/Users/uchiumi/workspace/CV_report2019/docs/main.tex:21: Package inputenc Error: Unicode character ï¼Œ (U+FF0C)
(inputenc)                not set up for use with LaTeX.

See the inputenc package documentation for explanation.
Type  H <return>  for immediate help.
 ...                                              
                                                  
l.21 ...Correlation Filter Tracker)ã‚’ç´¹ä»‹ã—ï¼Œ
                                                  å®Ÿè£…ã‚’ãŠã“ãªã£ãŸï¼
You may provide a definition with
\DeclareUnicodeCharacter 


/Users/uchiumi/workspace/CV_report2019/docs/main.tex:21: Package inputenc Error: Unicode character å®Ÿ (U+5B9F)
(inputenc)                not set up for use with LaTeX.

See the inputenc package documentation for explanation.
Type  H <return>  for immediate help.
 ...                                              
                                                  
l.21 ...relation Filter Tracker)ã‚’ç´¹ä»‹ã—ï¼Œå®Ÿ
                                                  è£…ã‚’ãŠã“ãªã£ãŸï¼
You may provide a definition with
\DeclareUnicodeCharacter 


/Users/uchiumi/workspace/CV_report2019/docs/main.tex:21: Package inputenc Error: Unicode character è£… (U+88C5)
(inputenc)                not set up for use with LaTeX.

See the inputenc package documentation for explanation.
Type  H <return>  for immediate help.
 ...                                              
                                                  
l.21 ...ation Filter Tracker)ã‚’ç´¹ä»‹ã—ï¼Œå®Ÿè£…
                                                  ã‚’ãŠã“ãªã£ãŸï¼
You may provide a definition with
\DeclareUnicodeCharacter 


/Users/uchiumi/workspace/CV_report2019/docs/main.tex:21: Package inputenc Error: Unicode character ã‚’ (U+3092)
(inputenc)                not set up for use with LaTeX.

See the inputenc package documentation for explanation.
Type  H <return>  for immediate help.
 ...                                              
                                                  
l.21 ...on Filter Tracker)ã‚’ç´¹ä»‹ã—ï¼Œå®Ÿè£…ã‚’
                                                  ãŠã“ãªã£ãŸï¼
You may provide a definition with
\DeclareUnicodeCharacter 


/Users/uchiumi/workspace/CV_report2019/docs/main.tex:21: Package inputenc Error: Unicode character ãŠ (U+304A)
(inputenc)                not set up for use with LaTeX.

See the inputenc package documentation for explanation.
Type  H <return>  for immediate help.
 ...                                              
                                                  
l.21 ...Filter Tracker)ã‚’ç´¹ä»‹ã—ï¼Œå®Ÿè£…ã‚’ãŠ
                                                  ã“ãªã£ãŸï¼
You may provide a definition with
\DeclareUnicodeCharacter 


/Users/uchiumi/workspace/CV_report2019/docs/main.tex:21: Package inputenc Error: Unicode character ã“ (U+3053)
(inputenc)                not set up for use with LaTeX.

See the inputenc package documentation for explanation.
Type  H <return>  for immediate help.
 ...                                              
                                                  
l.21 ...ter Tracker)ã‚’ç´¹ä»‹ã—ï¼Œå®Ÿè£…ã‚’ãŠã“
                                                  ãªã£ãŸï¼
You may provide a definition with
\DeclareUnicodeCharacter 


/Users/uchiumi/workspace/CV_report2019/docs/main.tex:21: Package inputenc Error: Unicode character ãª (U+306A)
(inputenc)                not set up for use with LaTeX.

See the inputenc package documentation for explanation.
Type  H <return>  for immediate help.
 ...                                              
                                                  
l.21 ... Tracker)ã‚’ç´¹ä»‹ã—ï¼Œå®Ÿè£…ã‚’ãŠã“ãª
                                                  ã£ãŸï¼
You may provide a definition with
\DeclareUnicodeCharacter 


/Users/uchiumi/workspace/CV_report2019/docs/main.tex:21: Package inputenc Error: Unicode character ã£ (U+3063)
(inputenc)                not set up for use with LaTeX.

See the inputenc package documentation for explanation.
Type  H <return>  for immediate help.
 ...                                              
                                                  
l.21 ...acker)ã‚’ç´¹ä»‹ã—ï¼Œå®Ÿè£…ã‚’ãŠã“ãªã£
                                                  ãŸï¼
You may provide a definition with
\DeclareUnicodeCharacter 


/Users/uchiumi/workspace/CV_report2019/docs/main.tex:21: Package inputenc Error: Unicode character ãŸ (U+305F)
(inputenc)                not set up for use with LaTeX.

See the inputenc package documentation for explanation.
Type  H <return>  for immediate help.
 ...                                              
                                                  
l.21 ...er)ã‚’ç´¹ä»‹ã—ï¼Œå®Ÿè£…ã‚’ãŠã“ãªã£ãŸ
                                                  ï¼
You may provide a definition with
\DeclareUnicodeCharacter 


/Users/uchiumi/workspace/CV_report2019/docs/main.tex:21: Package inputenc Error: Unicode character ï¼ (U+FF0E)
(inputenc)                not set up for use with LaTeX.

See the inputenc package documentation for explanation.
Type  H <return>  for immediate help.
 ...                                              
                                                  
l.21 ...ã‚’ç´¹ä»‹ã—ï¼Œå®Ÿè£…ã‚’ãŠã“ãªã£ãŸï¼
                                                  
You may provide a definition with
\DeclareUnicodeCharacter 

Missing character: There is no K in font nullfont!
Missing character: There is no C in font nullfont!
Missing character: There is no F in font nullfont!
Missing character: There is no T in font nullfont!
Missing character: There is no r in font nullfont!
Missing character: There is no a in font nullfont!
Missing character: There is no c in font nullfont!
Missing character: There is no k in font nullfont!
Missing character: There is no e in font nullfont!
Missing character: There is no r in font nullfont!

/Users/uchiumi/workspace/CV_report2019/docs/main.tex:22: Package inputenc Error: Unicode character ã¯ (U+306F)
(inputenc)                not set up for use with LaTeX.

See the inputenc package documentation for explanation.
Type  H <return>  for immediate help.
 ...                                              
                                                  
l.22     KCF Trackerã¯
                       ï¼Œãƒ‡ãƒ¼ã‚¿è¡Œåˆ—ã«å·¡å›æ€§ã‚’æŒãŸã›ã‚‹ã“ã¨ã...
You may provide a definition with
\DeclareUnicodeCharacter 


/Users/uchiumi/workspace/CV_report2019/docs/main.tex:22: Package inputenc Error: Unicode character ï¼Œ (U+FF0C)
(inputenc)                not set up for use with LaTeX.

See the inputenc package documentation for explanation.
Type  H <return>  for immediate help.
 ...                                              
                                                  
l.22     KCF Trackerã¯ï¼Œ
                          ãƒ‡ãƒ¼ã‚¿è¡Œåˆ—ã«å·¡å›æ€§ã‚’æŒãŸã›ã‚‹ã“ã¨ã...
You may provide a definition with
\DeclareUnicodeCharacter 


/Users/uchiumi/workspace/CV_report2019/docs/main.tex:22: Package inputenc Error: Unicode character ãƒ‡ (U+30C7)
(inputenc)                not set up for use with LaTeX.

See the inputenc package documentation for explanation.
Type  H <return>  for immediate help.
 ...                                              
                                                  
l.22     KCF Trackerã¯ï¼Œãƒ‡
                             ãƒ¼ã‚¿è¡Œåˆ—ã«å·¡å›æ€§ã‚’æŒãŸã›ã‚‹ã“ã¨ã...
You may provide a definition with
\DeclareUnicodeCharacter 


/Users/uchiumi/workspace/CV_report2019/docs/main.tex:22: Package inputenc Error: Unicode character ãƒ¼ (U+30FC)
(inputenc)                not set up for use with LaTeX.

See the inputenc package documentation for explanation.
Type  H <return>  for immediate help.
 ...                                              
                                                  
l.22     KCF Trackerã¯ï¼Œãƒ‡ãƒ¼
                                ã‚¿è¡Œåˆ—ã«å·¡å›æ€§ã‚’æŒãŸã›ã‚‹ã“ã¨ã...
You may provide a definition with
\DeclareUnicodeCharacter 


/Users/uchiumi/workspace/CV_report2019/docs/main.tex:22: Package inputenc Error: Unicode character ã‚¿ (U+30BF)
(inputenc)                not set up for use with LaTeX.

See the inputenc package documentation for explanation.
Type  H <return>  for immediate help.
 ...                                              
                                                  
l.22     KCF Trackerã¯ï¼Œãƒ‡ãƒ¼ã‚¿
                                   è¡Œåˆ—ã«å·¡å›æ€§ã‚’æŒãŸã›ã‚‹ã“ã¨ã...
You may provide a definition with
\DeclareUnicodeCharacter 


/Users/uchiumi/workspace/CV_report2019/docs/main.tex:22: Package inputenc Error: Unicode character è¡Œ (U+884C)
(inputenc)                not set up for use with LaTeX.

See the inputenc package documentation for explanation.
Type  H <return>  for immediate help.
 ...                                              
                                                  
l.22     KCF Trackerã¯ï¼Œãƒ‡ãƒ¼ã‚¿è¡Œ
                                      åˆ—ã«å·¡å›æ€§ã‚’æŒãŸã›ã‚‹ã“ã¨ã...
You may provide a definition with
\DeclareUnicodeCharacter 


/Users/uchiumi/workspace/CV_report2019/docs/main.tex:22: Package inputenc Error: Unicode character åˆ— (U+5217)
(inputenc)                not set up for use with LaTeX.

See the inputenc package documentation for explanation.
Type  H <return>  for immediate help.
 ...                                              
                                                  
l.22     KCF Trackerã¯ï¼Œãƒ‡ãƒ¼ã‚¿è¡Œåˆ—
                                         ã«å·¡å›æ€§ã‚’æŒãŸã›ã‚‹ã“ã¨ã...
You may provide a definition with
\DeclareUnicodeCharacter 


/Users/uchiumi/workspace/CV_report2019/docs/main.tex:22: Package inputenc Error: Unicode character ã« (U+306B)
(inputenc)                not set up for use with LaTeX.

See the inputenc package documentation for explanation.
Type  H <return>  for immediate help.
 ...                                              
                                                  
l.22     KCF Trackerã¯ï¼Œãƒ‡ãƒ¼ã‚¿è¡Œåˆ—ã«
                                            å·¡å›æ€§ã‚’æŒãŸã›ã‚‹ã“ã¨ã...
You may provide a definition with
\DeclareUnicodeCharacter 


/Users/uchiumi/workspace/CV_report2019/docs/main.tex:22: Package inputenc Error: Unicode character å·¡ (U+5DE1)
(inputenc)                not set up for use with LaTeX.

See the inputenc package documentation for explanation.
Type  H <return>  for immediate help.
 ...                                              
                                                  
l.22     KCF Trackerã¯ï¼Œãƒ‡ãƒ¼ã‚¿è¡Œåˆ—ã«å·¡
                                               å›æ€§ã‚’æŒãŸã›ã‚‹ã“ã¨ã...
You may provide a definition with
\DeclareUnicodeCharacter 


/Users/uchiumi/workspace/CV_report2019/docs/main.tex:22: Package inputenc Error: Unicode character å› (U+56DE)
(inputenc)                not set up for use with LaTeX.

See the inputenc package documentation for explanation.
Type  H <return>  for immediate help.
 ...                                              
                                                  
l.22     KCF Trackerã¯ï¼Œãƒ‡ãƒ¼ã‚¿è¡Œåˆ—ã«å·¡å›
                                                  æ€§ã‚’æŒãŸã›ã‚‹ã“ã¨ã...
You may provide a definition with
\DeclareUnicodeCharacter 


/Users/uchiumi/workspace/CV_report2019/docs/main.tex:22: Package inputenc Error: Unicode character æ€§ (U+6027)
(inputenc)                not set up for use with LaTeX.

See the inputenc package documentation for explanation.
Type  H <return>  for immediate help.
 ...                                              
                                                  
l.22 ...F Trackerã¯ï¼Œãƒ‡ãƒ¼ã‚¿è¡Œåˆ—ã«å·¡å›æ€§
                                                  ã‚’æŒãŸã›ã‚‹ã“ã¨ã«ã‚...
You may provide a definition with
\DeclareUnicodeCharacter 


/Users/uchiumi/workspace/CV_report2019/docs/main.tex:22: Package inputenc Error: Unicode character ã‚’ (U+3092)
(inputenc)                not set up for use with LaTeX.

See the inputenc package documentation for explanation.
Type  H <return>  for immediate help.
 ...                                              
                                                  
l.22 ...rackerã¯ï¼Œãƒ‡ãƒ¼ã‚¿è¡Œåˆ—ã«å·¡å›æ€§ã‚’
                                                  æŒãŸã›ã‚‹ã“ã¨ã«ã‚ˆã‚...
You may provide a definition with
\DeclareUnicodeCharacter 


/Users/uchiumi/workspace/CV_report2019/docs/main.tex:22: Package inputenc Error: Unicode character æŒ (U+6301)
(inputenc)                not set up for use with LaTeX.

See the inputenc package documentation for explanation.
Type  H <return>  for immediate help.
 ...                                              
                                                  
l.22 ...kerã¯ï¼Œãƒ‡ãƒ¼ã‚¿è¡Œåˆ—ã«å·¡å›æ€§ã‚’æŒ
                                                  ãŸã›ã‚‹ã“ã¨ã«ã‚ˆã‚Šï¼...
You may provide a definition with
\DeclareUnicodeCharacter 


/Users/uchiumi/workspace/CV_report2019/docs/main.tex:22: Package inputenc Error: Unicode character ãŸ (U+305F)
(inputenc)                not set up for use with LaTeX.

See the inputenc package documentation for explanation.
Type  H <return>  for immediate help.
 ...                                              
                                                  
l.22 ...ã¯ï¼Œãƒ‡ãƒ¼ã‚¿è¡Œåˆ—ã«å·¡å›æ€§ã‚’æŒãŸ
                                                  ã›ã‚‹ã“ã¨ã«ã‚ˆã‚Šï¼ŒDC...
You may provide a definition with
\DeclareUnicodeCharacter 


/Users/uchiumi/workspace/CV_report2019/docs/main.tex:22: Package inputenc Error: Unicode character ã› (U+305B)
(inputenc)                not set up for use with LaTeX.

See the inputenc package documentation for explanation.
Type  H <return>  for immediate help.
 ...                                              
                                                  
l.22 ...ï¼Œãƒ‡ãƒ¼ã‚¿è¡Œåˆ—ã«å·¡å›æ€§ã‚’æŒãŸã›
                                                  ã‚‹ã“ã¨ã«ã‚ˆã‚Šï¼ŒDCTã...
You may provide a definition with
\DeclareUnicodeCharacter 


/Users/uchiumi/workspace/CV_report2019/docs/main.tex:22: Package inputenc Error: Unicode character ã‚‹ (U+308B)
(inputenc)                not set up for use with LaTeX.

See the inputenc package documentation for explanation.
Type  H <return>  for immediate help.
 ...                                              
                                                  
l.22 ...ãƒ‡ãƒ¼ã‚¿è¡Œåˆ—ã«å·¡å›æ€§ã‚’æŒãŸã›ã‚‹
                                                  ã“ã¨ã«ã‚ˆã‚Šï¼ŒDCTã«ã‚...
You may provide a definition with
\DeclareUnicodeCharacter 


/Users/uchiumi/workspace/CV_report2019/docs/main.tex:22: Package inputenc Error: Unicode character ã“ (U+3053)
(inputenc)                not set up for use with LaTeX.

See the inputenc package documentation for explanation.
Type  H <return>  for immediate help.
 ...                                              
                                                  
l.22 ...ãƒ¼ã‚¿è¡Œåˆ—ã«å·¡å›æ€§ã‚’æŒãŸã›ã‚‹ã“
                                                  ã¨ã«ã‚ˆã‚Šï¼ŒDCTã«ã‚ˆã‚...
You may provide a definition with
\DeclareUnicodeCharacter 


/Users/uchiumi/workspace/CV_report2019/docs/main.tex:22: Package inputenc Error: Unicode character ã¨ (U+3068)
(inputenc)                not set up for use with LaTeX.

See the inputenc package documentation for explanation.
Type  H <return>  for immediate help.
 ...                                              
                                                  
l.22 ...ã‚¿è¡Œåˆ—ã«å·¡å›æ€§ã‚’æŒãŸã›ã‚‹ã“ã¨
                                                  ã«ã‚ˆã‚Šï¼ŒDCTã«ã‚ˆã‚‹å¯...
You may provide a definition with
\DeclareUnicodeCharacter 


/Users/uchiumi/workspace/CV_report2019/docs/main.tex:22: Package inputenc Error: Unicode character ã« (U+306B)
(inputenc)                not set up for use with LaTeX.

See the inputenc package documentation for explanation.
Type  H <return>  for immediate help.
 ...                                              
                                                  
l.22 ...è¡Œåˆ—ã«å·¡å›æ€§ã‚’æŒãŸã›ã‚‹ã“ã¨ã«
                                                  ã‚ˆã‚Šï¼ŒDCTã«ã‚ˆã‚‹å¯¾è§...
You may provide a definition with
\DeclareUnicodeCharacter 


/Users/uchiumi/workspace/CV_report2019/docs/main.tex:22: Package inputenc Error: Unicode character ã‚ˆ (U+3088)
(inputenc)                not set up for use with LaTeX.

See the inputenc package documentation for explanation.
Type  H <return>  for immediate help.
 ...                                              
                                                  
l.22 ...åˆ—ã«å·¡å›æ€§ã‚’æŒãŸã›ã‚‹ã“ã¨ã«ã‚ˆ
                                                  ã‚Šï¼ŒDCTã«ã‚ˆã‚‹å¯¾è§’åŒ...
You may provide a definition with
\DeclareUnicodeCharacter 


/Users/uchiumi/workspace/CV_report2019/docs/main.tex:22: Package inputenc Error: Unicode character ã‚Š (U+308A)
(inputenc)                not set up for use with LaTeX.

See the inputenc package documentation for explanation.
Type  H <return>  for immediate help.
 ...                                              
                                                  
l.22 ...ã«å·¡å›æ€§ã‚’æŒãŸã›ã‚‹ã“ã¨ã«ã‚ˆã‚Š
                                                  ï¼ŒDCTã«ã‚ˆã‚‹å¯¾è§’åŒ–ã...
You may provide a definition with
\DeclareUnicodeCharacter 


/Users/uchiumi/workspace/CV_report2019/docs/main.tex:22: Package inputenc Error: Unicode character ï¼Œ (U+FF0C)
(inputenc)                not set up for use with LaTeX.

See the inputenc package documentation for explanation.
Type  H <return>  for immediate help.
 ...                                              
                                                  
l.22 ...å·¡å›æ€§ã‚’æŒãŸã›ã‚‹ã“ã¨ã«ã‚ˆã‚Šï¼Œ
                                                  DCTã«ã‚ˆã‚‹å¯¾è§’åŒ–ãŒå...
You may provide a definition with
\DeclareUnicodeCharacter 

Missing character: There is no D in font nullfont!
Missing character: There is no C in font nullfont!
Missing character: There is no T in font nullfont!

/Users/uchiumi/workspace/CV_report2019/docs/main.tex:22: Package inputenc Error: Unicode character ã« (U+306B)
(inputenc)                not set up for use with LaTeX.

See the inputenc package documentation for explanation.
Type  H <return>  for immediate help.
 ...                                              
                                                  
l.22 ...æ€§ã‚’æŒãŸã›ã‚‹ã“ã¨ã«ã‚ˆã‚Šï¼ŒDCTã«
                                                  ã‚ˆã‚‹å¯¾è§’åŒ–ãŒå¯èƒ½ã...
You may provide a definition with
\DeclareUnicodeCharacter 


/Users/uchiumi/workspace/CV_report2019/docs/main.tex:22: Package inputenc Error: Unicode character ã‚ˆ (U+3088)
(inputenc)                not set up for use with LaTeX.

See the inputenc package documentation for explanation.
Type  H <return>  for immediate help.
 ...                                              
                                                  
l.22 ...ã‚’æŒãŸã›ã‚‹ã“ã¨ã«ã‚ˆã‚Šï¼ŒDCTã«ã‚ˆ
                                                  ã‚‹å¯¾è§’åŒ–ãŒå¯èƒ½ã¨ã...
You may provide a definition with
\DeclareUnicodeCharacter 


/Users/uchiumi/workspace/CV_report2019/docs/main.tex:22: Package inputenc Error: Unicode character ã‚‹ (U+308B)
(inputenc)                not set up for use with LaTeX.

See the inputenc package documentation for explanation.
Type  H <return>  for immediate help.
 ...                                              
                                                  
l.22 ...æŒãŸã›ã‚‹ã“ã¨ã«ã‚ˆã‚Šï¼ŒDCTã«ã‚ˆã‚‹
                                                  å¯¾è§’åŒ–ãŒå¯èƒ½ã¨ãªã‚...
You may provide a definition with
\DeclareUnicodeCharacter 


/Users/uchiumi/workspace/CV_report2019/docs/main.tex:22: Package inputenc Error: Unicode character å¯¾ (U+5BFE)
(inputenc)                not set up for use with LaTeX.

See the inputenc package documentation for explanation.
Type  H <return>  for immediate help.
 ...                                              
                                                  
l.22 ...ãŸã›ã‚‹ã“ã¨ã«ã‚ˆã‚Šï¼ŒDCTã«ã‚ˆã‚‹å¯¾
                                                  è§’åŒ–ãŒå¯èƒ½ã¨ãªã‚Šï¼...
You may provide a definition with
\DeclareUnicodeCharacter 


/Users/uchiumi/workspace/CV_report2019/docs/main.tex:22: Package inputenc Error: Unicode character è§’ (U+89D2)
(inputenc)                not set up for use with LaTeX.

See the inputenc package documentation for explanation.
Type  H <return>  for immediate help.
 ...                                              
                                                  
l.22 ...ã›ã‚‹ã“ã¨ã«ã‚ˆã‚Šï¼ŒDCTã«ã‚ˆã‚‹å¯¾è§’
                                                  åŒ–ãŒå¯èƒ½ã¨ãªã‚Šï¼Œå‡...
You may provide a definition with
\DeclareUnicodeCharacter 


/Users/uchiumi/workspace/CV_report2019/docs/main.tex:22: Package inputenc Error: Unicode character åŒ– (U+5316)
(inputenc)                not set up for use with LaTeX.

See the inputenc package documentation for explanation.
Type  H <return>  for immediate help.
 ...                                              
                                                  
l.22 ...ã‚‹ã“ã¨ã«ã‚ˆã‚Šï¼ŒDCTã«ã‚ˆã‚‹å¯¾è§’åŒ–
                                                  ãŒå¯èƒ½ã¨ãªã‚Šï¼Œå‡¦ç...
You may provide a definition with
\DeclareUnicodeCharacter 


/Users/uchiumi/workspace/CV_report2019/docs/main.tex:22: Package inputenc Error: Unicode character ãŒ (U+304C)
(inputenc)                not set up for use with LaTeX.

See the inputenc package documentation for explanation.
Type  H <return>  for immediate help.
 ...                                              
                                                  
l.22 ...ã“ã¨ã«ã‚ˆã‚Šï¼ŒDCTã«ã‚ˆã‚‹å¯¾è§’åŒ–ãŒ
                                                  å¯èƒ½ã¨ãªã‚Šï¼Œå‡¦ç†ã...
You may provide a definition with
\DeclareUnicodeCharacter 


/Users/uchiumi/workspace/CV_report2019/docs/main.tex:22: Package inputenc Error: Unicode character å¯ (U+53EF)
(inputenc)                not set up for use with LaTeX.

See the inputenc package documentation for explanation.
Type  H <return>  for immediate help.
 ...                                              
                                                  
l.22 ...ã¨ã«ã‚ˆã‚Šï¼ŒDCTã«ã‚ˆã‚‹å¯¾è§’åŒ–ãŒå¯
                                                  èƒ½ã¨ãªã‚Šï¼Œå‡¦ç†ã«ã...
You may provide a definition with
\DeclareUnicodeCharacter 


/Users/uchiumi/workspace/CV_report2019/docs/main.tex:22: Package inputenc Error: Unicode character èƒ½ (U+80FD)
(inputenc)                not set up for use with LaTeX.

See the inputenc package documentation for explanation.
Type  H <return>  for immediate help.
 ...                                              
                                                  
l.22 ...ã«ã‚ˆã‚Šï¼ŒDCTã«ã‚ˆã‚‹å¯¾è§’åŒ–ãŒå¯èƒ½
                                                  ã¨ãªã‚Šï¼Œå‡¦ç†ã«ã‹ã...
You may provide a definition with
\DeclareUnicodeCharacter 


/Users/uchiumi/workspace/CV_report2019/docs/main.tex:22: Package inputenc Error: Unicode character ã¨ (U+3068)
(inputenc)                not set up for use with LaTeX.

See the inputenc package documentation for explanation.
Type  H <return>  for immediate help.
 ...                                              
                                                  
l.22 ...ã‚ˆã‚Šï¼ŒDCTã«ã‚ˆã‚‹å¯¾è§’åŒ–ãŒå¯èƒ½ã¨
                                                  ãªã‚Šï¼Œå‡¦ç†ã«ã‹ã‹ã‚...
You may provide a definition with
\DeclareUnicodeCharacter 


/Users/uchiumi/workspace/CV_report2019/docs/main.tex:22: Package inputenc Error: Unicode character ãª (U+306A)
(inputenc)                not set up for use with LaTeX.

See the inputenc package documentation for explanation.
Type  H <return>  for immediate help.
 ...                                              
                                                  
l.22 ...ã‚Šï¼ŒDCTã«ã‚ˆã‚‹å¯¾è§’åŒ–ãŒå¯èƒ½ã¨ãª
                                                  ã‚Šï¼Œå‡¦ç†ã«ã‹ã‹ã‚‹ã‚...
You may provide a definition with
\DeclareUnicodeCharacter 


/Users/uchiumi/workspace/CV_report2019/docs/main.tex:22: Package inputenc Error: Unicode character ã‚Š (U+308A)
(inputenc)                not set up for use with LaTeX.

See the inputenc package documentation for explanation.
Type  H <return>  for immediate help.
 ...                                              
                                                  
l.22 ...ï¼ŒDCTã«ã‚ˆã‚‹å¯¾è§’åŒ–ãŒå¯èƒ½ã¨ãªã‚Š
                                                  ï¼Œå‡¦ç†ã«ã‹ã‹ã‚‹ã‚¹ãƒ...
You may provide a definition with
\DeclareUnicodeCharacter 


/Users/uchiumi/workspace/CV_report2019/docs/main.tex:22: Package inputenc Error: Unicode character ï¼Œ (U+FF0C)
(inputenc)                not set up for use with LaTeX.

See the inputenc package documentation for explanation.
Type  H <return>  for immediate help.
 ...                                              
                                                  
l.22 ...DCTã«ã‚ˆã‚‹å¯¾è§’åŒ–ãŒå¯èƒ½ã¨ãªã‚Šï¼Œ
                                                  å‡¦ç†ã«ã‹ã‹ã‚‹ã‚¹ãƒˆãƒ...
You may provide a definition with
\DeclareUnicodeCharacter 


/Users/uchiumi/workspace/CV_report2019/docs/main.tex:22: Package inputenc Error: Unicode character å‡¦ (U+51E6)
(inputenc)                not set up for use with LaTeX.

See the inputenc package documentation for explanation.
Type  H <return>  for immediate help.
 ...                                              
                                                  
l.22 ...ã«ã‚ˆã‚‹å¯¾è§’åŒ–ãŒå¯èƒ½ã¨ãªã‚Šï¼Œå‡¦
                                                  ç†ã«ã‹ã‹ã‚‹ã‚¹ãƒˆãƒ¬ãƒ...
You may provide a definition with
\DeclareUnicodeCharacter 


/Users/uchiumi/workspace/CV_report2019/docs/main.tex:22: Package inputenc Error: Unicode character ç† (U+7406)
(inputenc)                not set up for use with LaTeX.

See the inputenc package documentation for explanation.
Type  H <return>  for immediate help.
 ...                                              
                                                  
l.22 ...ã‚ˆã‚‹å¯¾è§’åŒ–ãŒå¯èƒ½ã¨ãªã‚Šï¼Œå‡¦ç†
                                                  ã«ã‹ã‹ã‚‹ã‚¹ãƒˆãƒ¬ãƒ¼ã‚...
You may provide a definition with
\DeclareUnicodeCharacter 


/Users/uchiumi/workspace/CV_report2019/docs/main.tex:22: Package inputenc Error: Unicode character ã« (U+306B)
(inputenc)                not set up for use with LaTeX.

See the inputenc package documentation for explanation.
Type  H <return>  for immediate help.
 ...                                              
                                                  
l.22 ...ã‚‹å¯¾è§’åŒ–ãŒå¯èƒ½ã¨ãªã‚Šï¼Œå‡¦ç†ã«
                                                  ã‹ã‹ã‚‹ã‚¹ãƒˆãƒ¬ãƒ¼ã‚¸ã...
You may provide a definition with
\DeclareUnicodeCharacter 


/Users/uchiumi/workspace/CV_report2019/docs/main.tex:22: Package inputenc Error: Unicode character ã‹ (U+304B)
(inputenc)                not set up for use with LaTeX.

See the inputenc package documentation for explanation.
Type  H <return>  for immediate help.
 ...                                              
                                                  
l.22 ...å¯¾è§’åŒ–ãŒå¯èƒ½ã¨ãªã‚Šï¼Œå‡¦ç†ã«ã‹
                                                  ã‹ã‚‹ã‚¹ãƒˆãƒ¬ãƒ¼ã‚¸ãŠã‚...
You may provide a definition with
\DeclareUnicodeCharacter 


/Users/uchiumi/workspace/CV_report2019/docs/main.tex:22: Package inputenc Error: Unicode character ã‹ (U+304B)
(inputenc)                not set up for use with LaTeX.

See the inputenc package documentation for explanation.
Type  H <return>  for immediate help.
 ...                                              
                                                  
l.22 ...è§’åŒ–ãŒå¯èƒ½ã¨ãªã‚Šï¼Œå‡¦ç†ã«ã‹ã‹
                                                  ã‚‹ã‚¹ãƒˆãƒ¬ãƒ¼ã‚¸ãŠã‚ˆã...
You may provide a definition with
\DeclareUnicodeCharacter 


/Users/uchiumi/workspace/CV_report2019/docs/main.tex:22: Package inputenc Error: Unicode character ã‚‹ (U+308B)
(inputenc)                not set up for use with LaTeX.

See the inputenc package documentation for explanation.
Type  H <return>  for immediate help.
 ...                                              
                                                  
l.22 ...åŒ–ãŒå¯èƒ½ã¨ãªã‚Šï¼Œå‡¦ç†ã«ã‹ã‹ã‚‹
                                                  ã‚¹ãƒˆãƒ¬ãƒ¼ã‚¸ãŠã‚ˆã³è¨...
You may provide a definition with
\DeclareUnicodeCharacter 


/Users/uchiumi/workspace/CV_report2019/docs/main.tex:22: Package inputenc Error: Unicode character ã‚¹ (U+30B9)
(inputenc)                not set up for use with LaTeX.

See the inputenc package documentation for explanation.
Type  H <return>  for immediate help.
 ...                                              
                                                  
l.22 ...ãŒå¯èƒ½ã¨ãªã‚Šï¼Œå‡¦ç†ã«ã‹ã‹ã‚‹ã‚¹
                                                  ãƒˆãƒ¬ãƒ¼ã‚¸ãŠã‚ˆã³è¨ˆç®...
You may provide a definition with
\DeclareUnicodeCharacter 


/Users/uchiumi/workspace/CV_report2019/docs/main.tex:22: Package inputenc Error: Unicode character ãƒˆ (U+30C8)
(inputenc)                not set up for use with LaTeX.

See the inputenc package documentation for explanation.
Type  H <return>  for immediate help.
 ...                                              
                                                  
l.22 ...å¯èƒ½ã¨ãªã‚Šï¼Œå‡¦ç†ã«ã‹ã‹ã‚‹ã‚¹ãƒˆ
                                                  ãƒ¬ãƒ¼ã‚¸ãŠã‚ˆã³è¨ˆç®—é‡...
You may provide a definition with
\DeclareUnicodeCharacter 


/Users/uchiumi/workspace/CV_report2019/docs/main.tex:22: Package inputenc Error: Unicode character ãƒ¬ (U+30EC)
(inputenc)                not set up for use with LaTeX.

See the inputenc package documentation for explanation.
Type  H <return>  for immediate help.
 ...                                              
                                                  
l.22 ...èƒ½ã¨ãªã‚Šï¼Œå‡¦ç†ã«ã‹ã‹ã‚‹ã‚¹ãƒˆãƒ¬
                                                  ãƒ¼ã‚¸ãŠã‚ˆã³è¨ˆç®—é‡ã‚...
You may provide a definition with
\DeclareUnicodeCharacter 


/Users/uchiumi/workspace/CV_report2019/docs/main.tex:22: Package inputenc Error: Unicode character ãƒ¼ (U+30FC)
(inputenc)                not set up for use with LaTeX.

See the inputenc package documentation for explanation.
Type  H <return>  for immediate help.
 ...                                              
                                                  
l.22 ...ã¨ãªã‚Šï¼Œå‡¦ç†ã«ã‹ã‹ã‚‹ã‚¹ãƒˆãƒ¬ãƒ¼
                                                  ã‚¸ãŠã‚ˆã³è¨ˆç®—é‡ã‚’å¤...
You may provide a definition with
\DeclareUnicodeCharacter 


/Users/uchiumi/workspace/CV_report2019/docs/main.tex:22: Package inputenc Error: Unicode character ã‚¸ (U+30B8)
(inputenc)                not set up for use with LaTeX.

See the inputenc package documentation for explanation.
Type  H <return>  for immediate help.
 ...                                              
                                                  
l.22 ...ãªã‚Šï¼Œå‡¦ç†ã«ã‹ã‹ã‚‹ã‚¹ãƒˆãƒ¬ãƒ¼ã‚¸
                                                  ãŠã‚ˆã³è¨ˆç®—é‡ã‚’å¤§å¹...
You may provide a definition with
\DeclareUnicodeCharacter 


/Users/uchiumi/workspace/CV_report2019/docs/main.tex:22: Package inputenc Error: Unicode character ãŠ (U+304A)
(inputenc)                not set up for use with LaTeX.

See the inputenc package documentation for explanation.
Type  H <return>  for immediate help.
 ...                                              
                                                  
l.22 ...ã‚Šï¼Œå‡¦ç†ã«ã‹ã‹ã‚‹ã‚¹ãƒˆãƒ¬ãƒ¼ã‚¸ãŠ
                                                  ã‚ˆã³è¨ˆç®—é‡ã‚’å¤§å¹…ã...
You may provide a definition with
\DeclareUnicodeCharacter 


/Users/uchiumi/workspace/CV_report2019/docs/main.tex:22: Package inputenc Error: Unicode character ã‚ˆ (U+3088)
(inputenc)                not set up for use with LaTeX.

See the inputenc package documentation for explanation.
Type  H <return>  for immediate help.
 ...                                              
                                                  
l.22 ...ï¼Œå‡¦ç†ã«ã‹ã‹ã‚‹ã‚¹ãƒˆãƒ¬ãƒ¼ã‚¸ãŠã‚ˆ
                                                  ã³è¨ˆç®—é‡ã‚’å¤§å¹…ã«å‰...
You may provide a definition with
\DeclareUnicodeCharacter 


/Users/uchiumi/workspace/CV_report2019/docs/main.tex:22: Package inputenc Error: Unicode character ã³ (U+3073)
(inputenc)                not set up for use with LaTeX.

See the inputenc package documentation for explanation.
Type  H <return>  for immediate help.
 ...                                              
                                                  
l.22 ...å‡¦ç†ã«ã‹ã‹ã‚‹ã‚¹ãƒˆãƒ¬ãƒ¼ã‚¸ãŠã‚ˆã³
                                                  è¨ˆç®—é‡ã‚’å¤§å¹…ã«å‰Šæ¸...
You may provide a definition with
\DeclareUnicodeCharacter 


/Users/uchiumi/workspace/CV_report2019/docs/main.tex:22: Package inputenc Error: Unicode character è¨ˆ (U+8A08)
(inputenc)                not set up for use with LaTeX.

See the inputenc package documentation for explanation.
Type  H <return>  for immediate help.
 ...                                              
                                                  
l.22 ...ç†ã«ã‹ã‹ã‚‹ã‚¹ãƒˆãƒ¬ãƒ¼ã‚¸ãŠã‚ˆã³è¨ˆ
                                                  ç®—é‡ã‚’å¤§å¹…ã«å‰Šæ¸›ã...
You may provide a definition with
\DeclareUnicodeCharacter 


/Users/uchiumi/workspace/CV_report2019/docs/main.tex:22: Package inputenc Error: Unicode character ç®— (U+7B97)
(inputenc)                not set up for use with LaTeX.

See the inputenc package documentation for explanation.
Type  H <return>  for immediate help.
 ...                                              
                                                  
l.22 ...ã«ã‹ã‹ã‚‹ã‚¹ãƒˆãƒ¬ãƒ¼ã‚¸ãŠã‚ˆã³è¨ˆç®—
                                                  é‡ã‚’å¤§å¹…ã«å‰Šæ¸›ã™ã‚...
You may provide a definition with
\DeclareUnicodeCharacter 


/Users/uchiumi/workspace/CV_report2019/docs/main.tex:22: Package inputenc Error: Unicode character é‡ (U+91CF)
(inputenc)                not set up for use with LaTeX.

See the inputenc package documentation for explanation.
Type  H <return>  for immediate help.
 ...                                              
                                                  
l.22 ...ã‹ã‹ã‚‹ã‚¹ãƒˆãƒ¬ãƒ¼ã‚¸ãŠã‚ˆã³è¨ˆç®—é‡
                                                  ã‚’å¤§å¹…ã«å‰Šæ¸›ã™ã‚‹ã...
You may provide a definition with
\DeclareUnicodeCharacter 


/Users/uchiumi/workspace/CV_report2019/docs/main.tex:22: Package inputenc Error: Unicode character ã‚’ (U+3092)
(inputenc)                not set up for use with LaTeX.

See the inputenc package documentation for explanation.
Type  H <return>  for immediate help.
 ...                                              
                                                  
l.22 ...ã‹ã‚‹ã‚¹ãƒˆãƒ¬ãƒ¼ã‚¸ãŠã‚ˆã³è¨ˆç®—é‡ã‚’
                                                  å¤§å¹…ã«å‰Šæ¸›ã™ã‚‹ã“ã...
You may provide a definition with
\DeclareUnicodeCharacter 


/Users/uchiumi/workspace/CV_report2019/docs/main.tex:22: Package inputenc Error: Unicode character å¤§ (U+5927)
(inputenc)                not set up for use with LaTeX.

See the inputenc package documentation for explanation.
Type  H <return>  for immediate help.
 ...                                              
                                                  
l.22 ...ã‚‹ã‚¹ãƒˆãƒ¬ãƒ¼ã‚¸ãŠã‚ˆã³è¨ˆç®—é‡ã‚’å¤§
                                                  å¹…ã«å‰Šæ¸›ã™ã‚‹ã“ã¨ã...
You may provide a definition with
\DeclareUnicodeCharacter 


/Users/uchiumi/workspace/CV_report2019/docs/main.tex:22: Package inputenc Error: Unicode character å¹… (U+5E45)
(inputenc)                not set up for use with LaTeX.

See the inputenc package documentation for explanation.
Type  H <return>  for immediate help.
 ...                                              
                                                  
l.22 ...ã‚¹ãƒˆãƒ¬ãƒ¼ã‚¸ãŠã‚ˆã³è¨ˆç®—é‡ã‚’å¤§å¹…
                                                  ã«å‰Šæ¸›ã™ã‚‹ã“ã¨ãŒã...
You may provide a definition with
\DeclareUnicodeCharacter 


/Users/uchiumi/workspace/CV_report2019/docs/main.tex:22: Package inputenc Error: Unicode character ã« (U+306B)
(inputenc)                not set up for use with LaTeX.

See the inputenc package documentation for explanation.
Type  H <return>  for immediate help.
 ...                                              
                                                  
l.22 ...ãƒˆãƒ¬ãƒ¼ã‚¸ãŠã‚ˆã³è¨ˆç®—é‡ã‚’å¤§å¹…ã«
                                                  å‰Šæ¸›ã™ã‚‹ã“ã¨ãŒã§ã...
You may provide a definition with
\DeclareUnicodeCharacter 


/Users/uchiumi/workspace/CV_report2019/docs/main.tex:22: Package inputenc Error: Unicode character å‰Š (U+524A)
(inputenc)                not set up for use with LaTeX.

See the inputenc package documentation for explanation.
Type  H <return>  for immediate help.
 ...                                              
                                                  
l.22 ...ãƒ¬ãƒ¼ã‚¸ãŠã‚ˆã³è¨ˆç®—é‡ã‚’å¤§å¹…ã«å‰Š
                                                  æ¸›ã™ã‚‹ã“ã¨ãŒã§ãã‚...
You may provide a definition with
\DeclareUnicodeCharacter 


/Users/uchiumi/workspace/CV_report2019/docs/main.tex:22: Package inputenc Error: Unicode character æ¸› (U+6E1B)
(inputenc)                not set up for use with LaTeX.

See the inputenc package documentation for explanation.
Type  H <return>  for immediate help.
 ...                                              
                                                  
l.22 ...ãƒ¼ã‚¸ãŠã‚ˆã³è¨ˆç®—é‡ã‚’å¤§å¹…ã«å‰Šæ¸›
                                                  ã™ã‚‹ã“ã¨ãŒã§ãã‚‹ï¼
You may provide a definition with
\DeclareUnicodeCharacter 


/Users/uchiumi/workspace/CV_report2019/docs/main.tex:22: Package inputenc Error: Unicode character ã™ (U+3059)
(inputenc)                not set up for use with LaTeX.

See the inputenc package documentation for explanation.
Type  H <return>  for immediate help.
 ...                                              
                                                  
l.22 ...ã‚¸ãŠã‚ˆã³è¨ˆç®—é‡ã‚’å¤§å¹…ã«å‰Šæ¸›ã™
                                                  ã‚‹ã“ã¨ãŒã§ãã‚‹ï¼
You may provide a definition with
\DeclareUnicodeCharacter 


/Users/uchiumi/workspace/CV_report2019/docs/main.tex:22: Package inputenc Error: Unicode character ã‚‹ (U+308B)
(inputenc)                not set up for use with LaTeX.

See the inputenc package documentation for explanation.
Type  H <return>  for immediate help.
 ...                                              
                                                  
l.22 ...ãŠã‚ˆã³è¨ˆç®—é‡ã‚’å¤§å¹…ã«å‰Šæ¸›ã™ã‚‹
                                                  ã“ã¨ãŒã§ãã‚‹ï¼
You may provide a definition with
\DeclareUnicodeCharacter 


/Users/uchiumi/workspace/CV_report2019/docs/main.tex:22: Package inputenc Error: Unicode character ã“ (U+3053)
(inputenc)                not set up for use with LaTeX.

See the inputenc package documentation for explanation.
Type  H <return>  for immediate help.
 ...                                              
                                                  
l.22 ...ã‚ˆã³è¨ˆç®—é‡ã‚’å¤§å¹…ã«å‰Šæ¸›ã™ã‚‹ã“
                                                  ã¨ãŒã§ãã‚‹ï¼
You may provide a definition with
\DeclareUnicodeCharacter 


/Users/uchiumi/workspace/CV_report2019/docs/main.tex:22: Package inputenc Error: Unicode character ã¨ (U+3068)
(inputenc)                not set up for use with LaTeX.

See the inputenc package documentation for explanation.
Type  H <return>  for immediate help.
 ...                                              
                                                  
l.22 ...ã³è¨ˆç®—é‡ã‚’å¤§å¹…ã«å‰Šæ¸›ã™ã‚‹ã“ã¨
                                                  ãŒã§ãã‚‹ï¼
You may provide a definition with
\DeclareUnicodeCharacter 


/Users/uchiumi/workspace/CV_report2019/docs/main.tex:22: Package inputenc Error: Unicode character ãŒ (U+304C)
(inputenc)                not set up for use with LaTeX.

See the inputenc package documentation for explanation.
Type  H <return>  for immediate help.
 ...                                              
                                                  
l.22 ...è¨ˆç®—é‡ã‚’å¤§å¹…ã«å‰Šæ¸›ã™ã‚‹ã“ã¨ãŒ
                                                  ã§ãã‚‹ï¼
You may provide a definition with
\DeclareUnicodeCharacter 


/Users/uchiumi/workspace/CV_report2019/docs/main.tex:22: Package inputenc Error: Unicode character ã§ (U+3067)
(inputenc)                not set up for use with LaTeX.

See the inputenc package documentation for explanation.
Type  H <return>  for immediate help.
 ...                                              
                                                  
l.22 ...ç®—é‡ã‚’å¤§å¹…ã«å‰Šæ¸›ã™ã‚‹ã“ã¨ãŒã§
                                                  ãã‚‹ï¼
You may provide a definition with
\DeclareUnicodeCharacter 


/Users/uchiumi/workspace/CV_report2019/docs/main.tex:22: Package inputenc Error: Unicode character ã (U+304D)
(inputenc)                not set up for use with LaTeX.

See the inputenc package documentation for explanation.
Type  H <return>  for immediate help.
 ...                                              
                                                  
l.22 ...é‡ã‚’å¤§å¹…ã«å‰Šæ¸›ã™ã‚‹ã“ã¨ãŒã§ã
                                                  ã‚‹ï¼
You may provide a definition with
\DeclareUnicodeCharacter 


/Users/uchiumi/workspace/CV_report2019/docs/main.tex:22: Package inputenc Error: Unicode character ã‚‹ (U+308B)
(inputenc)                not set up for use with LaTeX.

See the inputenc package documentation for explanation.
Type  H <return>  for immediate help.
 ...                                              
                                                  
l.22 ...ã‚’å¤§å¹…ã«å‰Šæ¸›ã™ã‚‹ã“ã¨ãŒã§ãã‚‹
                                                  ï¼
You may provide a definition with
\DeclareUnicodeCharacter 


/Users/uchiumi/workspace/CV_report2019/docs/main.tex:22: Package inputenc Error: Unicode character ï¼ (U+FF0E)
(inputenc)                not set up for use with LaTeX.

See the inputenc package documentation for explanation.
Type  H <return>  for immediate help.
 ...                                              
                                                  
l.22 ...å¤§å¹…ã«å‰Šæ¸›ã™ã‚‹ã“ã¨ãŒã§ãã‚‹ï¼
                                                  
You may provide a definition with
\DeclareUnicodeCharacter 


/Users/uchiumi/workspace/CV_report2019/docs/main.tex:23: Package inputenc Error: Unicode character ã• (U+3055)
(inputenc)                not set up for use with LaTeX.

See the inputenc package documentation for explanation.
Type  H <return>  for immediate help.
 ...                                              
                                                  
l.23     ã•
            ã‚‰ã«ï¼Œã‚«ãƒ¼ãƒãƒ«ãƒˆãƒªãƒƒã‚¯ã«ã‚ˆã‚Š
(That makes 100 errors; please try again.) 
Here is how much of TeX's memory you used:
 1201 strings out of 492649
 14741 string characters out of 6129622
 78679 words of memory out of 5000000
 5130 multiletter control sequences out of 15000+600000
 3640 words of font info for 14 fonts, out of 8000000 for 9000
 1141 hyphenation exceptions out of 8191
 27i,1n,25p,283b,80s stack positions out of 5000i,500n,10000p,200000b,80000s

/Users/uchiumi/workspace/CV_report2019/docs/main.tex:23:  ==> Fatal error occurred, no output PDF file produced!
